<?xml version="1.0" encoding="UTF-8"?>
<testng-results ignored="0" total="1" passed="1" failed="0" skipped="0">
  <reporter-output>
  </reporter-output>
  <suite started-at="2022-09-20T07:21:53 IST" name="Default suite" finished-at="2022-09-20T07:21:57 IST" duration-ms="3943">
    <groups>
    </groups>
    <test started-at="2022-09-20T07:21:53 IST" name="Default test" finished-at="2022-09-20T07:21:57 IST" duration-ms="3943">
      <class name="demo.DemoPost">
        <test-method signature="f()[pri:0, instance:demo.DemoPost@3f6b0be5]" started-at="2022-09-20T07:21:53 IST" name="f" finished-at="2022-09-20T07:21:57 IST" duration-ms="3876" status="PASS">
          <reporter-output>
          </reporter-output>
        </test-method> <!-- f -->
      </class> <!-- demo.DemoPost -->
    </test> <!-- Default test -->
  </suite> <!-- Default suite -->
</testng-results>
